d:\smart\servomaster\git-project\servodrivetech\servodrivetech\libs\com\servodrivercomdll\release\servodrivercomdll.pch
d:\smart\servomaster\git-project\servodrivetech\servodrivetech\libs\com\servodrivercomdll\release\vc120.pdb
d:\smart\servomaster\git-project\servodrivetech\servodrivetech\libs\com\servodrivercomdll\release\stdafx.obj
d:\smart\servomaster\git-project\servodrivetech\servodrivetech\libs\com\servodrivercomdll\release\motionctrlcom.obj
d:\smart\servomaster\git-project\servodrivetech\servodrivetech\libs\com\servodrivercomdll\release\ilinkenc.obj
d:\smart\servomaster\git-project\servodrivetech\servodrivetech\libs\com\servodrivercomdll\release\ilinkdevice.obj
d:\smart\servomaster\git-project\servodrivetech\servodrivetech\libs\com\servodrivercomdll\release\ilink.obj
d:\smart\servomaster\git-project\servodrivetech\servodrivetech\libs\com\servodrivercomdll\release\gtdrivercmd.obj
d:\smart\servomaster\git-project\servodrivetech\servodrivetech\libs\com\servodrivercomdll\release\gtcmdctrl.obj
d:\smart\servomaster\git-project\servodrivetech\servodrivetech\libs\com\servodrivercomdll\release\fpgaupdate.obj
d:\smart\servomaster\git-project\servodrivetech\servodrivetech\libs\com\servodrivercomdll\release\firmwaredl.obj
d:\smart\servomaster\git-project\servodrivetech\servodrivetech\libs\com\servodrivercomdll\release\fileserver.obj
d:\smart\servomaster\git-project\servodrivetech\servodrivetech\libs\com\servodrivercomdll\release\eepromopt.obj
d:\smart\servomaster\git-project\servodrivetech\servodrivetech\libs\com\servodrivercomdll\release\eeprom.obj
d:\smart\servomaster\git-project\servodrivetech\servodrivetech\libs\com\servodrivercomdll\release\userresp.obj
d:\smart\servomaster\git-project\servodrivetech\servodrivetech\libs\com\servodrivercomdll\release\servodrivercomdll.obj
d:\smart\servomaster\git-project\servodrivetech\servodrivetech\libs\com\servodrivercomdll\release\motioncontrolcomdll.obj
d:\smart\servomaster\git-project\servodrivetech\servodrivetech\libs\com\servodrivercomdll\release\adminstratorcomdll.obj
d:\smart\servomaster\git-project\servodrivetech\servodrivetech\libs\com\servodrivercomdll\release\devicedatabase.obj
d:\smart\servomaster\git-project\servodrivetech\servodrivetech\libs\com\servodrivercomdll\release\cpldcom.obj
d:\smart\servomaster\git-project\servodrivetech\servodrivetech\libs\com\servodrivercomdll\release\combase.obj
d:\smart\servomaster\git-project\servodrivetech\servodrivetech\libs\com\servodrivercomdll\release\st_gtsd_cmd.obj
d:\smart\servomaster\git-project\servodrivetech\servodrivetech\libs\com\servodrivercomdll\release\abscom.obj
d:\smart\servomaster\git-project\servodrivetech\servodrivetech\libs\com\servodrivercomdll\release\rndriverplot.obj
d:\smart\servomaster\git-project\servodrivetech\servodrivetech\libs\com\servodrivercomdll\release\rndevicedatabase.obj
d:\smart\servomaster\git-project\servodrivetech\servodrivetech\libs\com\servodrivercomdll\release\rnservoaximapping.obj
d:\smart\servomaster\git-project\servodrivetech\servodrivetech\libs\com\servodrivercomdll\release\rnserialport.obj
d:\smart\servomaster\git-project\servodrivetech\servodrivetech\libs\com\servodrivercomdll\release\ringnetinterface.obj
d:\smart\servomaster\git-project\servodrivetech\servodrivetech\libs\com\servodrivercomdll\release\ringnetdriver.obj
d:\smart\servomaster\git-project\servodrivetech\servodrivetech\libs\com\servodrivercomdll\release\rninterface.obj
d:\smart\servomaster\git-project\servodrivetech\servodrivetech\libs\com\servodrivercomdll\release\ringnetpacket.obj
d:\smart\servomaster\git-project\servodrivetech\servodrivetech\libs\com\servodrivercomdll\release\ringnetcom.obj
d:\smart\servomaster\git-project\servodrivetech\servodrivetech\libs\com\servodrivercomdll\release\rn_notimer.obj
d:\smart\servomaster\git-project\servodrivetech\servodrivetech\libs\com\servodrivercomdll\release\plotwave.obj
d:\smart\servomaster\git-project\servodrivetech\servodrivetech\libs\com\servodrivercomdll\release\mt_timer.obj
d:\smart\servomaster\git-project\servodrivetech\servodrivetech\libs\com\servodrivercomdll\release\gdef.obj
d:\smart\servomaster\git-project\servodrivetech\servodrivetech\libs\com\servodrivercomdll\release\cpu_timer.obj
d:\smart\servomaster\git-project\servodrivetech\servodrivetech\libs\com\servodrivercomdll\release\pcctrlcom.obj
d:\smart\servomaster\git-project\servodrivetech\servodrivetech\libs\com\servodrivercomdll\release\parsehex.obj
d:\smart\servomaster\git-project\servodrivetech\servodrivetech\libs\com\servodrivercomdll\release\netdriver.obj
d:\smart\servomaster\git-project\servodrivetech\servodrivetech\libs\com\servodrivercomdll\release\packet.obj
d:\smart\servomaster\git-project\servodrivetech\servodrivetech\libs\com\servodrivercomdll\release\netcommunication.obj
d:\smart\servomaster\git-project\servodrivetech\servodrivetech\libs\com\servodrivercomdll\release\net.obj
d:\smart\servomaster\git-project\servodrivetech\servodrivetech\libs\com\servodrivercomdll\release\xmlcodeupdate.obj
d:\smart\servomaster\git-project\servodrivetech\servodrivetech\libs\com\servodrivercomdll\release\xmlcode.obj
d:\smart\servomaster\git-project\servodrivetech\servodrivetech\libs\com\servodrivercomdll\release\serialport.obj
d:\smart\servomaster\git-project\servodrivetech\servodrivetech\libs\com\servodrivercomdll\release\ihex.obj
d:\smart\servomaster\git-project\servodrivetech\servodrivetech\libs\com\servodrivercomdll\release\hex2ldr.obj
d:\smart\servomaster\git-project\servodrivetech\servodrivetech\libs\com\servodrivercomdll\release\ststring.obj
d:\smart\servomaster\git-project\servodrivetech\servodrivetech\libs\com\servodrivercomdll\release\stfileop.obj
d:\smart\servomaster\git-project\servodrivetech\servodrivetech\libs\com\servodrivercomdll\release\spline.obj
d:\smart\servomaster\git-project\servodrivetech\servodrivetech\libs\com\servodrivercomdll\release\socketpacket.obj
d:\smart\servomaster\git-project\servodrivetech\servodrivetech\libs\com\servodrivercomdll\release\socketinterface.obj
d:\smart\servomaster\git-project\servodrivetech\servodrivetech\libs\com\servodrivercomdll\release\socketcom.obj
d:\smart\servomaster\git-project\servodrivetech\servodrivetech\libs\com\servodrivercomdll\release\servodrivercom.obj
d:\smart\servomaster\git-project\servodrivetech\servodrivetech\libs\com\servodrivercomdll\release\rndriverwave.obj
d:\smart\servomaster\git-project\servodrivetech\servodrivetech\libs\com\servodrivercomdll\release\dllmain.obj
d:\smart\servomaster\git-project\servodrivetech\servodrivetech\libs\com\servodrivercomdll\release\servodrivercomdll.exp
d:\smart\servomaster\git-project\servodrivetech\servodrivetech\libs\com\servodrivercomdll\release\servodri.743704ec.tlog\cl.command.1.tlog
d:\smart\servomaster\git-project\servodrivetech\servodrivetech\libs\com\servodrivercomdll\release\servodri.743704ec.tlog\cl.read.1.tlog
d:\smart\servomaster\git-project\servodrivetech\servodrivetech\libs\com\servodrivercomdll\release\servodri.743704ec.tlog\cl.write.1.tlog
d:\smart\servomaster\git-project\servodrivetech\servodrivetech\libs\com\servodrivercomdll\release\servodri.743704ec.tlog\link.command.1.tlog
d:\smart\servomaster\git-project\servodrivetech\servodrivetech\libs\com\servodrivercomdll\release\servodri.743704ec.tlog\link.read.1.tlog
d:\smart\servomaster\git-project\servodrivetech\servodrivetech\libs\com\servodrivercomdll\release\servodri.743704ec.tlog\link.write.1.tlog
