生成启动时间为 2018/2/7 10:45:36。
     1>项目“D:\Smart\ServoMaster\git-project\servo-4\ServoMain\NetCmd\ServoDriverComDll\ServoDriverComDll.vcxproj”在节点 2 上(Rebuild 个目标)。
     1>ClCompile:
         D:\program\VS2013\VC\bin\CL.exe /c /I.\DllCom /I.\NetCom\include /I.\NetCom\wpcap\Include\pcap /I.\NetCom\wpcap\Include /I.\AbsCom\include /I.\Cmd\include /I.\PlotWave\include /I.\ /I.\..\ /I.\ParseIntelHex\include /I.\FirmwareDL\include /I.\UartBoot\include /I.\RingNetCom\include /I.\socketCom\include /I.\eeprom\include /Zi /nologo /W3 /WX- /sdl /O2 /Oi /Oy- /GL /D WIN32 /D NDEBUG /D _WINDOWS /D _USRDLL /D SERVODRIVERCOMDLL_EXPORTS /D _WINDLL /D _UNICODE /D UNICODE /Gm- /EHsc /MD /GS /Gy /fp:precise /Zc:wchar_t /Zc:forScope /Yc"stdafx.h" /Fp"Release\ServoDriverComDll.pch" /Fo"Release\\" /Fd"Release\vc120.pdb" /Gd /TP /analyze- /errorReport:prompt stdafx.cpp
         stdafx.cpp
         D:\program\VS2013\VC\bin\CL.exe /c /I.\DllCom /I.\NetCom\include /I.\NetCom\wpcap\Include\pcap /I.\NetCom\wpcap\Include /I.\AbsCom\include /I.\Cmd\include /I.\PlotWave\include /I.\ /I.\..\ /I.\ParseIntelHex\include /I.\FirmwareDL\include /I.\UartBoot\include /I.\RingNetCom\include /I.\socketCom\include /I.\eeprom\include /Zi /nologo /W3 /WX- /sdl /O2 /Oi /Oy- /GL /D WIN32 /D NDEBUG /D _WINDOWS /D _USRDLL /D SERVODRIVERCOMDLL_EXPORTS /D _WINDLL /D _UNICODE /D UNICODE /Gm- /EHsc /MD /GS /Gy /fp:precise /Zc:wchar_t /Zc:forScope /Yu"stdafx.h" /Fp"Release\ServoDriverComDll.pch" /Fo"Release\\" /Fd"Release\vc120.pdb" /Gd /TP /analyze- /errorReport:prompt AbsCom\src\AbsCom.cpp Cmd\src\ST_GTSD_Cmd.cpp ComBase.cpp CpldCom.cpp DeviceDataBase.cpp DllCom\AdminstratorComDll.cpp DllCom\MotionControlComDll.cpp DllCom\ServoDriverComDll.cpp DllCom\UserResp.cpp Eeprom.cpp eeprom\src\eepromOpt.cpp FileServer.cpp FirmwareDL\src\FirmwareDl.cpp FPGAUpdate.cpp GTCmdCtrl.cpp GTDriverCmd.cpp Ilink.cpp IlinkDevice.cpp IlinkEnc.cpp MotionCtrlCom.cpp NetCom\src\Net.cpp NetCom\src\NetCommunication.cpp NetCom\src\Packet.cpp NetDriver.cpp ParseIntelHex\src\ParseHex.cpp PcCtrlCom.cpp PlotWave\src\cpu_timer.cpp PlotWave\src\gdef.cpp PlotWave\src\mt_timer.cpp PlotWave\src\PlotWave.cpp PlotWave\src\rn_noTimer.cpp RingNetCom\src\RingNetCom.cpp RingNetCom\src\RingNetPacket.cpp RingNetCom\src\Rninterface.cpp RingNetDriver.cpp RingNetInterface.cpp RnSerialPort.cpp RnServoAxiMapping.cpp RnDeviceDataBase.cpp RnDriverPlot.cpp RnDriverWave.cpp ServoDriverCom.cpp SocketCom\src\SocketCom.cpp SocketCom\src\SocketInterface.cpp SocketCom\src\SocketPacket.cpp SPLine.cpp StFileOp.cpp StString.cpp UartBoot\src\hex2ldr.cpp UartBoot\src\ihex.cpp UartBoot\src\serialport.cpp XmlCode.cpp XmlCodeUpdate.cpp
         AbsCom.cpp
         ST_GTSD_Cmd.cpp
         ComBase.cpp
         CpldCom.cpp
         DeviceDataBase.cpp
         AdminstratorComDll.cpp
         MotionControlComDll.cpp
         ServoDriverComDll.cpp
         UserResp.cpp
         Eeprom.cpp
         eepromOpt.cpp
         FileServer.cpp
         FirmwareDl.cpp
         FPGAUpdate.cpp
         GTCmdCtrl.cpp
         GTDriverCmd.cpp
         Ilink.cpp
         IlinkDevice.cpp
         IlinkEnc.cpp
         MotionCtrlCom.cpp
         正在编译...
         Net.cpp
         NetCommunication.cpp
         Packet.cpp
         NetDriver.cpp
         ParseHex.cpp
         PcCtrlCom.cpp
         cpu_timer.cpp
         gdef.cpp
         mt_timer.cpp
         PlotWave.cpp
         rn_noTimer.cpp
         RingNetCom.cpp
         RingNetPacket.cpp
         Rninterface.cpp
         RingNetDriver.cpp
         RingNetInterface.cpp
         RnSerialPort.cpp
         RnServoAxiMapping.cpp
         RnDeviceDataBase.cpp
         RnDriverPlot.cpp
         正在编译...
         RnDriverWave.cpp
         ServoDriverCom.cpp
         SocketCom.cpp
         SocketInterface.cpp
         SocketPacket.cpp
         SPLine.cpp
         StFileOp.cpp
         StString.cpp
         hex2ldr.cpp
         ihex.cpp
         serialport.cpp
         XmlCode.cpp
         XmlCodeUpdate.cpp
         D:\program\VS2013\VC\bin\CL.exe /c /I.\DllCom /I.\NetCom\include /I.\NetCom\wpcap\Include\pcap /I.\NetCom\wpcap\Include /I.\AbsCom\include /I.\Cmd\include /I.\PlotWave\include /I.\ /I.\..\ /I.\ParseIntelHex\include /I.\FirmwareDL\include /I.\UartBoot\include /I.\RingNetCom\include /I.\socketCom\include /I.\eeprom\include /Zi /nologo /W3 /WX- /sdl /O2 /Oi /Oy- /GL /D WIN32 /D NDEBUG /D _WINDOWS /D _USRDLL /D SERVODRIVERCOMDLL_EXPORTS /D _WINDLL /D _UNICODE /D UNICODE /Gm- /EHsc /MD /GS /Gy /fp:precise /Zc:wchar_t /Zc:forScope /Fo"Release\\" /Fd"Release\vc120.pdb" /Gd /TP /analyze- /errorReport:prompt dllmain.cpp
         dllmain.cpp
       Link:
         D:\program\VS2013\VC\bin\link.exe /ERRORREPORT:PROMPT /OUT:"D:\Smart\ServoMaster\git-project\servo-4\ServoMain\NetCmd\ServoDriverComDll\Release\ServoDriverComDll.dll" /INCREMENTAL:NO /NOLOGO kernel32.lib user32.lib gdi32.lib winspool.lib comdlg32.lib advapi32.lib shell32.lib ole32.lib oleaut32.lib uuid.lib odbc32.lib odbccp32.lib /MANIFEST /MANIFESTUAC:"level='asInvoker' uiAccess='false'" /manifest:embed /DEBUG /PDB:"D:\Smart\ServoMaster\git-project\servo-4\ServoMain\NetCmd\ServoDriverComDll\Release\ServoDriverComDll.pdb" /SUBSYSTEM:WINDOWS /OPT:REF /OPT:ICF /LTCG /TLBID:1 /DYNAMICBASE /NXCOMPAT /IMPLIB:"D:\Smart\ServoMaster\git-project\servo-4\ServoMain\NetCmd\ServoDriverComDll\Release\ServoDriverComDll.lib" /MACHINE:X86 /SAFESEH /DLL Release\AbsCom.obj
         Release\ST_GTSD_Cmd.obj
         Release\ComBase.obj
         Release\CpldCom.obj
         Release\DeviceDataBase.obj
         Release\AdminstratorComDll.obj
         Release\MotionControlComDll.obj
         Release\ServoDriverComDll.obj
         Release\UserResp.obj
         Release\dllmain.obj
         Release\Eeprom.obj
         Release\eepromOpt.obj
         Release\FileServer.obj
         Release\FirmwareDl.obj
         Release\FPGAUpdate.obj
         Release\GTCmdCtrl.obj
         Release\GTDriverCmd.obj
         Release\Ilink.obj
         Release\IlinkDevice.obj
         Release\IlinkEnc.obj
         Release\MotionCtrlCom.obj
         Release\Net.obj
         Release\NetCommunication.obj
         Release\Packet.obj
         Release\NetDriver.obj
         Release\ParseHex.obj
         Release\PcCtrlCom.obj
         Release\cpu_timer.obj
         Release\gdef.obj
         Release\mt_timer.obj
         Release\PlotWave.obj
         Release\rn_noTimer.obj
         Release\RingNetCom.obj
         Release\RingNetPacket.obj
         Release\Rninterface.obj
         Release\RingNetDriver.obj
         Release\RingNetInterface.obj
         Release\RnSerialPort.obj
         Release\RnServoAxiMapping.obj
         Release\RnDeviceDataBase.obj
         Release\RnDriverPlot.obj
         Release\RnDriverWave.obj
         Release\ServoDriverCom.obj
         Release\SocketCom.obj
         Release\SocketInterface.obj
         Release\SocketPacket.obj
         Release\SPLine.obj
         Release\stdafx.obj
         Release\StFileOp.obj
         Release\StString.obj
         Release\hex2ldr.obj
         Release\ihex.obj
         Release\serialport.obj
         Release\XmlCode.obj
         Release\XmlCodeUpdate.obj
            正在创建库 D:\Smart\ServoMaster\git-project\servo-4\ServoMain\NetCmd\ServoDriverComDll\Release\ServoDriverComDll.lib 和对象 D:\Smart\ServoMaster\git-project\servo-4\ServoMain\NetCmd\ServoDriverComDll\Release\ServoDriverComDll.exp
     1>Net.obj : error LNK2001: 无法解析的外部符号 _pcap_close
     1>Net.obj : error LNK2001: 无法解析的外部符号 _pcap_findalldevs
     1>Net.obj : error LNK2001: 无法解析的外部符号 _pcap_freealldevs
     1>Net.obj : error LNK2001: 无法解析的外部符号 _pcap_open_live
     1>Net.obj : error LNK2001: 无法解析的外部符号 _pcap_compile
     1>Net.obj : error LNK2001: 无法解析的外部符号 _pcap_setfilter
     1>Net.obj : error LNK2001: 无法解析的外部符号 _pcap_sendpacket
     1>Net.obj : error LNK2001: 无法解析的外部符号 _pcap_next_ex
     1>RingNetCom.obj : error LNK2001: 无法解析的外部符号 _pcap_loop
     1>Rninterface.obj : error LNK2001: 无法解析的外部符号 _pcap_breakloop
     1>D:\Smart\ServoMaster\git-project\servo-4\ServoMain\NetCmd\ServoDriverComDll\Release\ServoDriverComDll.dll : fatal error LNK1120: 10 个无法解析的外部命令
     1>已完成生成项目“D:\Smart\ServoMaster\git-project\servo-4\ServoMain\NetCmd\ServoDriverComDll\ServoDriverComDll.vcxproj”(Rebuild 个目标)的操作 - 失败。

生成失败。

已用时间 00:00:07.98
