生成启动时间为 2017/11/23 18:06:35。
     1>项目“D:\Smart\ServoMaster\git-project\servo-4\ServoMain\NetCmd\ServoDriverComDll\ServoDriverComDll.vcxproj”在节点 2 上(Rebuild 个目标)。
     1>ClCompile:
         D:\program\VS2013\VC\bin\CL.exe /c /I.\NetCom\include /I.\NetCom\wpcap\Include\pcap /I.\NetCom\wpcap\Include /I.\AbsCom\include /I.\Cmd\include /I.\PlotWave\include /I.\ /I.\..\ /I.\ParseIntelHex\include /I.\FirmwareDL\include /I.\UartBoot\include /I.\RingNetCom\include /I.\socketCom\include /I.\eeprom\include /ZI /nologo /W3 /WX- /sdl /Od /Oy- /D WIN32 /D _DEBUG /D _WINDOWS /D _USRDLL /D SERVODRIVERCOMDLL_EXPORTS /D _WINDLL /D _UNICODE /D UNICODE /Gm /EHsc /RTC1 /MTd /GS /fp:precise /Zc:wchar_t /Zc:forScope /Yc"stdafx.h" /Fp"Debug\ServoDriverComDll.pch" /Fo"Debug\\" /Fd"Debug\vc120.pdb" /Gd /TP /analyze- /errorReport:prompt stdafx.cpp
         stdafx.cpp
         D:\program\VS2013\VC\bin\CL.exe /c /I.\NetCom\include /I.\NetCom\wpcap\Include\pcap /I.\NetCom\wpcap\Include /I.\AbsCom\include /I.\Cmd\include /I.\PlotWave\include /I.\ /I.\..\ /I.\ParseIntelHex\include /I.\FirmwareDL\include /I.\UartBoot\include /I.\RingNetCom\include /I.\socketCom\include /I.\eeprom\include /ZI /nologo /W3 /WX- /sdl /Od /Oy- /D WIN32 /D _DEBUG /D _WINDOWS /D _USRDLL /D SERVODRIVERCOMDLL_EXPORTS /D _WINDLL /D _UNICODE /D UNICODE /Gm /EHsc /RTC1 /MTd /GS /fp:precise /Zc:wchar_t /Zc:forScope /Yu"stdafx.h" /Fp"Debug\ServoDriverComDll.pch" /Fo"Debug\\" /Fd"Debug\vc120.pdb" /Gd /TP /analyze- /errorReport:prompt AbsCom\src\AbsCom.cpp AdminstratorComDll.cpp Cmd\src\ST_GTSD_Cmd.cpp ComBase.cpp CpldCom.cpp DeviceDataBase.cpp Eeprom.cpp eeprom\src\eepromOpt.cpp FirmwareDL\src\FirmwareDl.cpp FPGAUpdate.cpp GTCmdCtrl.cpp GTDriverCmd.cpp MotionControlComDll.cpp MotionCtrlCom.cpp NetCom\src\Net.cpp NetCom\src\NetCommunication.cpp NetCom\src\Packet.cpp NetDriver.cpp ParseIntelHex\src\ParseHex.cpp PlotWave\src\cpu_timer.cpp PlotWave\src\gdef.cpp PlotWave\src\mt_timer.cpp PlotWave\src\PlotWave.cpp PlotWave\src\rn_noTimer.cpp RingNetCom\src\RingNetCom.cpp RingNetCom\src\RingNetPacket.cpp RingNetCom\src\Rninterface.cpp RingNetDriver.cpp RingNetInterface.cpp RnSerialPort.cpp RnServoAxiMapping.cpp RnDeviceDataBase.cpp RnDriverPlot.cpp RnDriverWave.cpp ServoDriverCom.cpp ServoDriverComDll.cpp SocketCom\src\SocketCom.cpp SocketCom\src\SocketInterface.cpp SocketCom\src\SocketPacket.cpp SPLine.cpp UartBoot\src\hex2ldr.cpp UartBoot\src\ihex.cpp UartBoot\src\serialport.cpp UserResp.cpp
         UserResp.cpp
         serialport.cpp
         ihex.cpp
         hex2ldr.cpp
         SPLine.cpp
         SocketPacket.cpp
         SocketInterface.cpp
         SocketCom.cpp
         ServoDriverComDll.cpp
         ServoDriverCom.cpp
         RnDriverWave.cpp
         RnDriverPlot.cpp
         RnDeviceDataBase.cpp
         RnServoAxiMapping.cpp
         RnSerialPort.cpp
         RingNetInterface.cpp
         RingNetDriver.cpp
         Rninterface.cpp
         RingNetPacket.cpp
         RingNetCom.cpp
         正在生成代码...
         正在编译...
         rn_noTimer.cpp
         PlotWave.cpp
         mt_timer.cpp
         gdef.cpp
         cpu_timer.cpp
         ParseHex.cpp
         NetDriver.cpp
         Packet.cpp
         NetCommunication.cpp
         Net.cpp
         MotionCtrlCom.cpp
         MotionControlComDll.cpp
         GTDriverCmd.cpp
         GTCmdCtrl.cpp
         FPGAUpdate.cpp
         FirmwareDl.cpp
         eepromOpt.cpp
         Eeprom.cpp
         DeviceDataBase.cpp
         CpldCom.cpp
         正在生成代码...
         正在编译...
         ComBase.cpp
         ST_GTSD_Cmd.cpp
         AdminstratorComDll.cpp
         AbsCom.cpp
         正在生成代码...
         D:\program\VS2013\VC\bin\CL.exe /c /I.\NetCom\include /I.\NetCom\wpcap\Include\pcap /I.\NetCom\wpcap\Include /I.\AbsCom\include /I.\Cmd\include /I.\PlotWave\include /I.\ /I.\..\ /I.\ParseIntelHex\include /I.\FirmwareDL\include /I.\UartBoot\include /I.\RingNetCom\include /I.\socketCom\include /I.\eeprom\include /ZI /nologo /W3 /WX- /sdl /Od /Oy- /D WIN32 /D _DEBUG /D _WINDOWS /D _USRDLL /D SERVODRIVERCOMDLL_EXPORTS /D _WINDLL /D _UNICODE /D UNICODE /Gm /EHsc /RTC1 /MTd /GS /fp:precise /Zc:wchar_t /Zc:forScope /Fo"Debug\\" /Fd"Debug\vc120.pdb" /Gd /TP /analyze- /errorReport:prompt dllmain.cpp
         dllmain.cpp
       Link:
         D:\program\VS2013\VC\bin\link.exe /ERRORREPORT:PROMPT /OUT:"D:\Smart\ServoMaster\git-project\servo-4\ServoMain\NetCmd\NetTest\Debug\ServoDriverComDll.dll" /INCREMENTAL /NOLOGO /LIBPATH:.\NetCom\wpcap\lib .\NetCom\wpcap\lib\wpcap.lib /MANIFEST /MANIFESTUAC:"level='asInvoker' uiAccess='false'" /manifest:embed /manifestinput:D:\program\VS2013\VC\Include\Manifest\dpiaware.manifest /DEBUG /PDB:"D:\Smart\ServoMaster\git-project\servo-4\ServoMain\NetCmd\NetTest\Debug\ServoDriverComDll.pdb" /SUBSYSTEM:WINDOWS /STACK:"100000000" /TLBID:1 /DYNAMICBASE /NXCOMPAT /IMPLIB:"D:\Smart\ServoMaster\git-project\servo-4\ServoMain\NetCmd\NetTest\Debug\ServoDriverComDll.lib" /MACHINE:X86 /DLL Debug\AbsCom.obj
         Debug\AdminstratorComDll.obj
         Debug\ST_GTSD_Cmd.obj
         Debug\ComBase.obj
         Debug\CpldCom.obj
         Debug\DeviceDataBase.obj
         Debug\dllmain.obj
         Debug\Eeprom.obj
         Debug\eepromOpt.obj
         Debug\FirmwareDl.obj
         Debug\FPGAUpdate.obj
         Debug\GTCmdCtrl.obj
         Debug\GTDriverCmd.obj
         Debug\MotionControlComDll.obj
         Debug\MotionCtrlCom.obj
         Debug\Net.obj
         Debug\NetCommunication.obj
         Debug\Packet.obj
         Debug\NetDriver.obj
         Debug\ParseHex.obj
         Debug\cpu_timer.obj
         Debug\gdef.obj
         Debug\mt_timer.obj
         Debug\PlotWave.obj
         Debug\rn_noTimer.obj
         Debug\RingNetCom.obj
         Debug\RingNetPacket.obj
         Debug\Rninterface.obj
         Debug\RingNetDriver.obj
         Debug\RingNetInterface.obj
         Debug\RnSerialPort.obj
         Debug\RnServoAxiMapping.obj
         Debug\RnDeviceDataBase.obj
         Debug\RnDriverPlot.obj
         Debug\RnDriverWave.obj
         Debug\ServoDriverCom.obj
         Debug\ServoDriverComDll.obj
         Debug\SocketCom.obj
         Debug\SocketInterface.obj
         Debug\SocketPacket.obj
         Debug\SPLine.obj
         Debug\stdafx.obj
         Debug\hex2ldr.obj
         Debug\ihex.obj
         Debug\serialport.obj
         Debug\UserResp.obj
         NetCom\wpcap\lib\wpcap.lib
            正在创建库 D:\Smart\ServoMaster\git-project\servo-4\ServoMain\NetCmd\NetTest\Debug\ServoDriverComDll.lib 和对象 D:\Smart\ServoMaster\git-project\servo-4\ServoMain\NetCmd\NetTest\Debug\ServoDriverComDll.exp
         ServoDriverComDll.vcxproj -> D:\Smart\ServoMaster\git-project\servo-4\ServoMain\NetCmd\NetTest\Debug\ServoDriverComDll.dll
     1>已完成生成项目“D:\Smart\ServoMaster\git-project\servo-4\ServoMain\NetCmd\ServoDriverComDll\ServoDriverComDll.vcxproj”(Rebuild 个目标)的操作。

生成成功。

已用时间 00:00:11.96
