d:\smart\servomaster\git-project\servo-4\servomain\netcmd\servodrivercomdll\debug\servodrivercomdll.pch
d:\smart\servomaster\git-project\servo-4\servomain\netcmd\servodrivercomdll\debug\vc120.pdb
d:\smart\servomaster\git-project\servo-4\servomain\netcmd\servodrivercomdll\debug\vc120.idb
d:\smart\servomaster\git-project\servo-4\servomain\netcmd\servodrivercomdll\debug\stdafx.obj
d:\smart\servomaster\git-project\servo-4\servomain\netcmd\servodrivercomdll\debug\rninterface.obj
d:\smart\servomaster\git-project\servo-4\servomain\netcmd\servodrivercomdll\debug\ringnetdriver.obj
d:\smart\servomaster\git-project\servo-4\servomain\netcmd\servodrivercomdll\debug\ringnetinterface.obj
d:\smart\servomaster\git-project\servo-4\servomain\netcmd\servodrivercomdll\debug\rnserialport.obj
d:\smart\servomaster\git-project\servo-4\servomain\netcmd\servodrivercomdll\debug\rnservoaximapping.obj
d:\smart\servomaster\git-project\servo-4\servomain\netcmd\servodrivercomdll\debug\rndevicedatabase.obj
d:\smart\servomaster\git-project\servo-4\servomain\netcmd\servodrivercomdll\debug\rndriverplot.obj
d:\smart\servomaster\git-project\servo-4\servomain\netcmd\servodrivercomdll\debug\rndriverwave.obj
d:\smart\servomaster\git-project\servo-4\servomain\netcmd\servodrivercomdll\debug\servodrivercom.obj
d:\smart\servomaster\git-project\servo-4\servomain\netcmd\servodrivercomdll\debug\socketcom.obj
d:\smart\servomaster\git-project\servo-4\servomain\netcmd\servodrivercomdll\debug\socketinterface.obj
d:\smart\servomaster\git-project\servo-4\servomain\netcmd\servodrivercomdll\debug\socketpacket.obj
d:\smart\servomaster\git-project\servo-4\servomain\netcmd\servodrivercomdll\debug\spline.obj
d:\smart\servomaster\git-project\servo-4\servomain\netcmd\servodrivercomdll\debug\stfileop.obj
d:\smart\servomaster\git-project\servo-4\servomain\netcmd\servodrivercomdll\debug\ststring.obj
d:\smart\servomaster\git-project\servo-4\servomain\netcmd\servodrivercomdll\debug\hex2ldr.obj
d:\smart\servomaster\git-project\servo-4\servomain\netcmd\servodrivercomdll\debug\ihex.obj
d:\smart\servomaster\git-project\servo-4\servomain\netcmd\servodrivercomdll\debug\serialport.obj
d:\smart\servomaster\git-project\servo-4\servomain\netcmd\servodrivercomdll\debug\xmlcode.obj
d:\smart\servomaster\git-project\servo-4\servomain\netcmd\servodrivercomdll\debug\xmlcodeupdate.obj
d:\smart\servomaster\git-project\servo-4\servomain\netcmd\servodrivercomdll\debug\fpgaupdate.obj
d:\smart\servomaster\git-project\servo-4\servomain\netcmd\servodrivercomdll\debug\gtcmdctrl.obj
d:\smart\servomaster\git-project\servo-4\servomain\netcmd\servodrivercomdll\debug\gtdrivercmd.obj
d:\smart\servomaster\git-project\servo-4\servomain\netcmd\servodrivercomdll\debug\ilink.obj
d:\smart\servomaster\git-project\servo-4\servomain\netcmd\servodrivercomdll\debug\ilinkdevice.obj
d:\smart\servomaster\git-project\servo-4\servomain\netcmd\servodrivercomdll\debug\ilinkenc.obj
d:\smart\servomaster\git-project\servo-4\servomain\netcmd\servodrivercomdll\debug\motionctrlcom.obj
d:\smart\servomaster\git-project\servo-4\servomain\netcmd\servodrivercomdll\debug\net.obj
d:\smart\servomaster\git-project\servo-4\servomain\netcmd\servodrivercomdll\debug\netcommunication.obj
d:\smart\servomaster\git-project\servo-4\servomain\netcmd\servodrivercomdll\debug\packet.obj
d:\smart\servomaster\git-project\servo-4\servomain\netcmd\servodrivercomdll\debug\netdriver.obj
d:\smart\servomaster\git-project\servo-4\servomain\netcmd\servodrivercomdll\debug\parsehex.obj
d:\smart\servomaster\git-project\servo-4\servomain\netcmd\servodrivercomdll\debug\pcctrlcom.obj
d:\smart\servomaster\git-project\servo-4\servomain\netcmd\servodrivercomdll\debug\cpu_timer.obj
d:\smart\servomaster\git-project\servo-4\servomain\netcmd\servodrivercomdll\debug\gdef.obj
d:\smart\servomaster\git-project\servo-4\servomain\netcmd\servodrivercomdll\debug\mt_timer.obj
d:\smart\servomaster\git-project\servo-4\servomain\netcmd\servodrivercomdll\debug\plotwave.obj
d:\smart\servomaster\git-project\servo-4\servomain\netcmd\servodrivercomdll\debug\rn_notimer.obj
d:\smart\servomaster\git-project\servo-4\servomain\netcmd\servodrivercomdll\debug\ringnetcom.obj
d:\smart\servomaster\git-project\servo-4\servomain\netcmd\servodrivercomdll\debug\ringnetpacket.obj
d:\smart\servomaster\git-project\servo-4\servomain\netcmd\servodrivercomdll\debug\abscom.obj
d:\smart\servomaster\git-project\servo-4\servomain\netcmd\servodrivercomdll\debug\st_gtsd_cmd.obj
d:\smart\servomaster\git-project\servo-4\servomain\netcmd\servodrivercomdll\debug\combase.obj
d:\smart\servomaster\git-project\servo-4\servomain\netcmd\servodrivercomdll\debug\cpldcom.obj
d:\smart\servomaster\git-project\servo-4\servomain\netcmd\servodrivercomdll\debug\devicedatabase.obj
d:\smart\servomaster\git-project\servo-4\servomain\netcmd\servodrivercomdll\debug\adminstratorcomdll.obj
d:\smart\servomaster\git-project\servo-4\servomain\netcmd\servodrivercomdll\debug\motioncontrolcomdll.obj
d:\smart\servomaster\git-project\servo-4\servomain\netcmd\servodrivercomdll\debug\servodrivercomdll.obj
d:\smart\servomaster\git-project\servo-4\servomain\netcmd\servodrivercomdll\debug\userresp.obj
d:\smart\servomaster\git-project\servo-4\servomain\netcmd\servodrivercomdll\debug\eeprom.obj
d:\smart\servomaster\git-project\servo-4\servomain\netcmd\servodrivercomdll\debug\eepromopt.obj
d:\smart\servomaster\git-project\servo-4\servomain\netcmd\servodrivercomdll\debug\fileserver.obj
d:\smart\servomaster\git-project\servo-4\servomain\netcmd\servodrivercomdll\debug\firmwaredl.obj
d:\smart\servomaster\git-project\servo-4\servomain\netcmd\servodrivercomdll\debug\dllmain.obj
d:\smart\servomaster\git-project\servo-4\servomain\netcmd\nettest_v1\debug\servodrivercomdll.ilk
d:\smart\servomaster\git-project\servo-4\servomain\netcmd\nettest_v1\debug\servodrivercomdll.dll
d:\smart\servomaster\git-project\servo-4\servomain\netcmd\nettest_v1\debug\servodrivercomdll.pdb
d:\smart\servomaster\git-project\servo-4\servomain\netcmd\nettest_v1\debug\servodrivercomdll.lib
d:\smart\servomaster\git-project\servo-4\servomain\netcmd\nettest_v1\debug\servodrivercomdll.exp
d:\smart\servomaster\git-project\servodrivetech\servodrivetech\libs\com\servodrivercomdll\debug\abscom.obj
d:\smart\servomaster\git-project\servodrivetech\servodrivetech\libs\com\servodrivercomdll\debug\adminstratorcomdll.obj
d:\smart\servomaster\git-project\servodrivetech\servodrivetech\libs\com\servodrivercomdll\debug\combase.obj
d:\smart\servomaster\git-project\servodrivetech\servodrivetech\libs\com\servodrivercomdll\debug\cpldcom.obj
d:\smart\servomaster\git-project\servodrivetech\servodrivetech\libs\com\servodrivercomdll\debug\cpu_timer.obj
d:\smart\servomaster\git-project\servodrivetech\servodrivetech\libs\com\servodrivercomdll\debug\devicedatabase.obj
d:\smart\servomaster\git-project\servodrivetech\servodrivetech\libs\com\servodrivercomdll\debug\dllmain.obj
d:\smart\servomaster\git-project\servodrivetech\servodrivetech\libs\com\servodrivercomdll\debug\eeprom.obj
d:\smart\servomaster\git-project\servodrivetech\servodrivetech\libs\com\servodrivercomdll\debug\eepromopt.obj
d:\smart\servomaster\git-project\servodrivetech\servodrivetech\libs\com\servodrivercomdll\debug\fileserver.obj
d:\smart\servomaster\git-project\servodrivetech\servodrivetech\libs\com\servodrivercomdll\debug\firmwaredl.obj
d:\smart\servomaster\git-project\servodrivetech\servodrivetech\libs\com\servodrivercomdll\debug\fpgaupdate.obj
d:\smart\servomaster\git-project\servodrivetech\servodrivetech\libs\com\servodrivercomdll\debug\gdef.obj
d:\smart\servomaster\git-project\servodrivetech\servodrivetech\libs\com\servodrivercomdll\debug\gtcmdctrl.obj
d:\smart\servomaster\git-project\servodrivetech\servodrivetech\libs\com\servodrivercomdll\debug\gtdrivercmd.obj
d:\smart\servomaster\git-project\servodrivetech\servodrivetech\libs\com\servodrivercomdll\debug\hex2ldr.obj
d:\smart\servomaster\git-project\servodrivetech\servodrivetech\libs\com\servodrivercomdll\debug\ihex.obj
d:\smart\servomaster\git-project\servodrivetech\servodrivetech\libs\com\servodrivercomdll\debug\ilink.obj
d:\smart\servomaster\git-project\servodrivetech\servodrivetech\libs\com\servodrivercomdll\debug\ilinkdevice.obj
d:\smart\servomaster\git-project\servodrivetech\servodrivetech\libs\com\servodrivercomdll\debug\ilinkenc.obj
d:\smart\servomaster\git-project\servodrivetech\servodrivetech\libs\com\servodrivercomdll\debug\motioncontrolcomdll.obj
d:\smart\servomaster\git-project\servodrivetech\servodrivetech\libs\com\servodrivercomdll\debug\motionctrlcom.obj
d:\smart\servomaster\git-project\servodrivetech\servodrivetech\libs\com\servodrivercomdll\debug\mt_timer.obj
d:\smart\servomaster\git-project\servodrivetech\servodrivetech\libs\com\servodrivercomdll\debug\net.obj
d:\smart\servomaster\git-project\servodrivetech\servodrivetech\libs\com\servodrivercomdll\debug\netcommunication.obj
d:\smart\servomaster\git-project\servodrivetech\servodrivetech\libs\com\servodrivercomdll\debug\netdriver.obj
d:\smart\servomaster\git-project\servodrivetech\servodrivetech\libs\com\servodrivercomdll\debug\packet.obj
d:\smart\servomaster\git-project\servodrivetech\servodrivetech\libs\com\servodrivercomdll\debug\parsehex.obj
d:\smart\servomaster\git-project\servodrivetech\servodrivetech\libs\com\servodrivercomdll\debug\pcctrlcom.obj
d:\smart\servomaster\git-project\servodrivetech\servodrivetech\libs\com\servodrivercomdll\debug\plotwave.obj
d:\smart\servomaster\git-project\servodrivetech\servodrivetech\libs\com\servodrivercomdll\debug\ringnetcom.obj
d:\smart\servomaster\git-project\servodrivetech\servodrivetech\libs\com\servodrivercomdll\debug\ringnetdriver.obj
d:\smart\servomaster\git-project\servodrivetech\servodrivetech\libs\com\servodrivercomdll\debug\ringnetinterface.obj
d:\smart\servomaster\git-project\servodrivetech\servodrivetech\libs\com\servodrivercomdll\debug\ringnetpacket.obj
d:\smart\servomaster\git-project\servodrivetech\servodrivetech\libs\com\servodrivercomdll\debug\rndevicedatabase.obj
d:\smart\servomaster\git-project\servodrivetech\servodrivetech\libs\com\servodrivercomdll\debug\rndriverplot.obj
d:\smart\servomaster\git-project\servodrivetech\servodrivetech\libs\com\servodrivercomdll\debug\rndriverwave.obj
d:\smart\servomaster\git-project\servodrivetech\servodrivetech\libs\com\servodrivercomdll\debug\rninterface.obj
d:\smart\servomaster\git-project\servodrivetech\servodrivetech\libs\com\servodrivercomdll\debug\rnserialport.obj
d:\smart\servomaster\git-project\servodrivetech\servodrivetech\libs\com\servodrivercomdll\debug\rnservoaximapping.obj
d:\smart\servomaster\git-project\servodrivetech\servodrivetech\libs\com\servodrivercomdll\debug\rn_notimer.obj
d:\smart\servomaster\git-project\servodrivetech\servodrivetech\libs\com\servodrivercomdll\debug\serialport.obj
d:\smart\servomaster\git-project\servodrivetech\servodrivetech\libs\com\servodrivercomdll\debug\servodrivercom.obj
d:\smart\servomaster\git-project\servodrivetech\servodrivetech\libs\com\servodrivercomdll\debug\servodrivercomdll.obj
d:\smart\servomaster\git-project\servodrivetech\servodrivetech\libs\com\servodrivercomdll\debug\socketcom.obj
d:\smart\servomaster\git-project\servodrivetech\servodrivetech\libs\com\servodrivercomdll\debug\socketinterface.obj
d:\smart\servomaster\git-project\servodrivetech\servodrivetech\libs\com\servodrivercomdll\debug\socketpacket.obj
d:\smart\servomaster\git-project\servodrivetech\servodrivetech\libs\com\servodrivercomdll\debug\spline.obj
d:\smart\servomaster\git-project\servodrivetech\servodrivetech\libs\com\servodrivercomdll\debug\stdafx.obj
d:\smart\servomaster\git-project\servodrivetech\servodrivetech\libs\com\servodrivercomdll\debug\stfileop.obj
d:\smart\servomaster\git-project\servodrivetech\servodrivetech\libs\com\servodrivercomdll\debug\ststring.obj
d:\smart\servomaster\git-project\servodrivetech\servodrivetech\libs\com\servodrivercomdll\debug\st_gtsd_cmd.obj
d:\smart\servomaster\git-project\servodrivetech\servodrivetech\libs\com\servodrivercomdll\debug\userresp.obj
d:\smart\servomaster\git-project\servodrivetech\servodrivetech\libs\com\servodrivercomdll\debug\xmlcode.obj
d:\smart\servomaster\git-project\servodrivetech\servodrivetech\libs\com\servodrivercomdll\debug\xmlcodeupdate.obj
d:\smart\servomaster\git-project\servodrivetech\servodrivetech\libs\com\servodrivercomdll\debug\servodrivercomdll.pch
d:\smart\servomaster\git-project\servodrivetech\servodrivetech\libs\com\servodrivercomdll\debug\vc120.idb
d:\smart\servomaster\git-project\servodrivetech\servodrivetech\libs\com\servodrivercomdll\debug\vc120.pdb
d:\smart\servomaster\git-project\servodrivetech\servodrivetech\libs\com\nettest_v1\debug\servodrivercomdll.pdb
d:\smart\servomaster\git-project\servodrivetech\servodrivetech\libs\com\nettest_v1\debug\servodrivercomdll.dll
d:\smart\servomaster\git-project\servodrivetech\servodrivetech\libs\com\nettest_v1\debug\servodrivercomdll.ilk
d:\smart\servomaster\git-project\servodrivetech\servodrivetech\libs\com\servodrivercomdll\debug\servodri.743704ec.tlog\cl.command.1.tlog
d:\smart\servomaster\git-project\servodrivetech\servodrivetech\libs\com\servodrivercomdll\debug\servodri.743704ec.tlog\cl.read.1.tlog
d:\smart\servomaster\git-project\servodrivetech\servodrivetech\libs\com\servodrivercomdll\debug\servodri.743704ec.tlog\cl.write.1.tlog
d:\smart\servomaster\git-project\servodrivetech\servodrivetech\libs\com\servodrivercomdll\debug\servodri.743704ec.tlog\link.command.1.tlog
d:\smart\servomaster\git-project\servodrivetech\servodrivetech\libs\com\servodrivercomdll\debug\servodri.743704ec.tlog\link.read.1.tlog
d:\smart\servomaster\git-project\servodrivetech\servodrivetech\libs\com\servodrivercomdll\debug\servodri.743704ec.tlog\link.write.1.tlog
d:\smart\servomaster\git-project\servodrivetech\servodrivetech\libs\com\servodrivercomdll\debug\servodri.743704ec.tlog\servodrivercomdll.write.1u.tlog
